<?xml version="1.0" encoding="UTF-8"?>
<!-- Generated by org.testng.reporters.JUnitReportReporter -->
<testsuite skipped="0" hostname="LAPTOP-NBTGNS81" name="Mod.TestMaven" tests="1" failures="0" timestamp="27 Aug 2018 08:28:38 GMT" time="5.809" errors="0">
  <testcase name="testFaceBook" time="5.809" classname="Mod.TestMaven"/>
</testsuite> <!-- Mod.TestMaven -->
